INFO:__main__:Running with args Namespace(log_level='DEBUG'), ['run', '--benchmark', 'Pereira2018-encoding-weights', '--model', 't5-base']
DEBUG:result_caching._DiskStorage:Running function: neural_nlp.score/benchmark=Pereira2018-encoding-weights,model=t5-base,subsample=None
INFO:neural_nlp:Loading benchmark
INFO:neural_nlp:Running
DEBUG:neural_nlp.benchmarks.s3._S3Storage:Loading from storage: neural_nlp.benchmarks.neural.PereiraEncodingWithWeights._load_assembly/version=base
DEBUG:requests.packages.urllib3.connectionpool:Starting new HTTPS connection (1): s3.amazonaws.com
DEBUG:requests.packages.urllib3.connectionpool:https://s3.amazonaws.com:443 "HEAD /models.huggingface.co/bert/t5-base-config.json HTTP/1.1" 200 0
DEBUG:filelock:Attempting to acquire lock 47256207496304 on /home/gretatu/.cache/torch/transformers/40578967d1f029acb6162b36db9d8b4307063e885990ccd297c2c5be1cf1b3d7.2995d650f5eba18c8baa4146e210d32d56165e90d374281741fc78b872cd6c9b.lock
INFO:filelock:Lock 47256207496304 acquired on /home/gretatu/.cache/torch/transformers/40578967d1f029acb6162b36db9d8b4307063e885990ccd297c2c5be1cf1b3d7.2995d650f5eba18c8baa4146e210d32d56165e90d374281741fc78b872cd6c9b.lock
INFO:transformers.file_utils:https://s3.amazonaws.com/models.huggingface.co/bert/t5-base-config.json not found in cache or force_download set to True, downloading to /home/gretatu/.cache/torch/transformers/tmp6hk5561l
DEBUG:requests.packages.urllib3.connectionpool:Starting new HTTPS connection (1): s3.amazonaws.com
DEBUG:requests.packages.urllib3.connectionpool:https://s3.amazonaws.com:443 "GET /models.huggingface.co/bert/t5-base-config.json HTTP/1.1" 200 1199
INFO:transformers.file_utils:storing https://s3.amazonaws.com/models.huggingface.co/bert/t5-base-config.json in cache at /home/gretatu/.cache/torch/transformers/40578967d1f029acb6162b36db9d8b4307063e885990ccd297c2c5be1cf1b3d7.2995d650f5eba18c8baa4146e210d32d56165e90d374281741fc78b872cd6c9b
INFO:transformers.file_utils:creating metadata file for /home/gretatu/.cache/torch/transformers/40578967d1f029acb6162b36db9d8b4307063e885990ccd297c2c5be1cf1b3d7.2995d650f5eba18c8baa4146e210d32d56165e90d374281741fc78b872cd6c9b
DEBUG:filelock:Attempting to release lock 47256207496304 on /home/gretatu/.cache/torch/transformers/40578967d1f029acb6162b36db9d8b4307063e885990ccd297c2c5be1cf1b3d7.2995d650f5eba18c8baa4146e210d32d56165e90d374281741fc78b872cd6c9b.lock
INFO:filelock:Lock 47256207496304 released on /home/gretatu/.cache/torch/transformers/40578967d1f029acb6162b36db9d8b4307063e885990ccd297c2c5be1cf1b3d7.2995d650f5eba18c8baa4146e210d32d56165e90d374281741fc78b872cd6c9b.lock
INFO:transformers.configuration_utils:loading configuration file https://s3.amazonaws.com/models.huggingface.co/bert/t5-base-config.json from cache at /home/gretatu/.cache/torch/transformers/40578967d1f029acb6162b36db9d8b4307063e885990ccd297c2c5be1cf1b3d7.2995d650f5eba18c8baa4146e210d32d56165e90d374281741fc78b872cd6c9b
INFO:transformers.configuration_utils:Model config T5Config {
  "architectures": [
    "T5WithLMHeadModel"
  ],
  "d_ff": 3072,
  "d_kv": 64,
  "d_model": 768,
  "decoder_start_token_id": 0,
  "dropout_rate": 0.1,
  "eos_token_id": 1,
  "initializer_factor": 1.0,
  "is_encoder_decoder": true,
  "layer_norm_epsilon": 1e-06,
  "model_type": "t5",
  "n_positions": 512,
  "num_heads": 12,
  "num_layers": 12,
  "output_past": true,
  "pad_token_id": 0,
  "relative_attention_num_buckets": 32,
  "task_specific_params": {
    "summarization": {
      "early_stopping": true,
      "length_penalty": 2.0,
      "max_length": 200,
      "min_length": 30,
      "no_repeat_ngram_size": 3,
      "num_beams": 4,
      "prefix": "summarize: "
    },
    "translation_en_to_de": {
      "early_stopping": true,
      "max_length": 300,
      "num_beams": 4,
      "prefix": "translate English to German: "
    },
    "translation_en_to_fr": {
      "early_stopping": true,
      "max_length": 300,
      "num_beams": 4,
      "prefix": "translate English to French: "
    },
    "translation_en_to_ro": {
      "early_stopping": true,
      "max_length": 300,
      "num_beams": 4,
      "prefix": "translate English to Romanian: "
    }
  },
  "vocab_size": 32128
}

DEBUG:requests.packages.urllib3.connectionpool:Starting new HTTPS connection (1): s3.amazonaws.com
DEBUG:requests.packages.urllib3.connectionpool:https://s3.amazonaws.com:443 "HEAD /models.huggingface.co/bert/t5-spiece.model HTTP/1.1" 200 0
DEBUG:filelock:Attempting to acquire lock 47256207498600 on /home/gretatu/.cache/torch/transformers/68f1b8dbca4350743bb54b8c4169fd38cbabaad564f85a9239337a8d0342af9f.9995af32582a1a7062cb3173c118cb7b4636fa03feb967340f20fc37406f021f.lock
INFO:filelock:Lock 47256207498600 acquired on /home/gretatu/.cache/torch/transformers/68f1b8dbca4350743bb54b8c4169fd38cbabaad564f85a9239337a8d0342af9f.9995af32582a1a7062cb3173c118cb7b4636fa03feb967340f20fc37406f021f.lock
INFO:transformers.file_utils:https://s3.amazonaws.com/models.huggingface.co/bert/t5-spiece.model not found in cache or force_download set to True, downloading to /home/gretatu/.cache/torch/transformers/tmp81gd3ijv
DEBUG:requests.packages.urllib3.connectionpool:Starting new HTTPS connection (1): s3.amazonaws.com
DEBUG:requests.packages.urllib3.connectionpool:https://s3.amazonaws.com:443 "GET /models.huggingface.co/bert/t5-spiece.model HTTP/1.1" 200 791656
INFO:transformers.file_utils:storing https://s3.amazonaws.com/models.huggingface.co/bert/t5-spiece.model in cache at /home/gretatu/.cache/torch/transformers/68f1b8dbca4350743bb54b8c4169fd38cbabaad564f85a9239337a8d0342af9f.9995af32582a1a7062cb3173c118cb7b4636fa03feb967340f20fc37406f021f
INFO:transformers.file_utils:creating metadata file for /home/gretatu/.cache/torch/transformers/68f1b8dbca4350743bb54b8c4169fd38cbabaad564f85a9239337a8d0342af9f.9995af32582a1a7062cb3173c118cb7b4636fa03feb967340f20fc37406f021f
DEBUG:filelock:Attempting to release lock 47256207498600 on /home/gretatu/.cache/torch/transformers/68f1b8dbca4350743bb54b8c4169fd38cbabaad564f85a9239337a8d0342af9f.9995af32582a1a7062cb3173c118cb7b4636fa03feb967340f20fc37406f021f.lock
INFO:filelock:Lock 47256207498600 released on /home/gretatu/.cache/torch/transformers/68f1b8dbca4350743bb54b8c4169fd38cbabaad564f85a9239337a8d0342af9f.9995af32582a1a7062cb3173c118cb7b4636fa03feb967340f20fc37406f021f.lock
INFO:transformers.tokenization_utils:loading file https://s3.amazonaws.com/models.huggingface.co/bert/t5-spiece.model from cache at /home/gretatu/.cache/torch/transformers/68f1b8dbca4350743bb54b8c4169fd38cbabaad564f85a9239337a8d0342af9f.9995af32582a1a7062cb3173c118cb7b4636fa03feb967340f20fc37406f021f
DEBUG:requests.packages.urllib3.connectionpool:Starting new HTTPS connection (1): s3.amazonaws.com
DEBUG:requests.packages.urllib3.connectionpool:https://s3.amazonaws.com:443 "HEAD /models.huggingface.co/bert/t5-base-config.json HTTP/1.1" 200 0
INFO:transformers.configuration_utils:loading configuration file https://s3.amazonaws.com/models.huggingface.co/bert/t5-base-config.json from cache at /home/gretatu/.cache/torch/transformers/40578967d1f029acb6162b36db9d8b4307063e885990ccd297c2c5be1cf1b3d7.2995d650f5eba18c8baa4146e210d32d56165e90d374281741fc78b872cd6c9b
INFO:transformers.configuration_utils:Model config T5Config {
  "architectures": [
    "T5WithLMHeadModel"
  ],
  "d_ff": 3072,
  "d_kv": 64,
  "d_model": 768,
  "decoder_start_token_id": 0,
  "dropout_rate": 0.1,
  "eos_token_id": 1,
  "initializer_factor": 1.0,
  "is_encoder_decoder": true,
  "layer_norm_epsilon": 1e-06,
  "model_type": "t5",
  "n_positions": 512,
  "num_heads": 12,
  "num_layers": 12,
  "output_hidden_states": true,
  "output_past": true,
  "pad_token_id": 0,
  "relative_attention_num_buckets": 32,
  "task_specific_params": {
    "summarization": {
      "early_stopping": true,
      "length_penalty": 2.0,
      "max_length": 200,
      "min_length": 30,
      "no_repeat_ngram_size": 3,
      "num_beams": 4,
      "prefix": "summarize: "
    },
    "translation_en_to_de": {
      "early_stopping": true,
      "max_length": 300,
      "num_beams": 4,
      "prefix": "translate English to German: "
    },
    "translation_en_to_fr": {
      "early_stopping": true,
      "max_length": 300,
      "num_beams": 4,
      "prefix": "translate English to French: "
    },
    "translation_en_to_ro": {
      "early_stopping": true,
      "max_length": 300,
      "num_beams": 4,
      "prefix": "translate English to Romanian: "
    }
  },
  "vocab_size": 32128
}

DEBUG:requests.packages.urllib3.connectionpool:Starting new HTTPS connection (1): cdn.huggingface.co
DEBUG:requests.packages.urllib3.connectionpool:https://cdn.huggingface.co:443 "HEAD /t5-base-pytorch_model.bin HTTP/1.1" 200 0
DEBUG:filelock:Attempting to acquire lock 47256207498264 on /home/gretatu/.cache/torch/transformers/f6f2fde9fa7611f4eff74620de9cbe734e7a717b5b143bd283cae4c2d6022990.54f906ff53bd09195cfc183a29cadc81b7705f07fcdb796d24163cb632b6bdfa.lock
INFO:filelock:Lock 47256207498264 acquired on /home/gretatu/.cache/torch/transformers/f6f2fde9fa7611f4eff74620de9cbe734e7a717b5b143bd283cae4c2d6022990.54f906ff53bd09195cfc183a29cadc81b7705f07fcdb796d24163cb632b6bdfa.lock
INFO:transformers.file_utils:https://cdn.huggingface.co/t5-base-pytorch_model.bin not found in cache or force_download set to True, downloading to /home/gretatu/.cache/torch/transformers/tmpx9vlv15u
DEBUG:requests.packages.urllib3.connectionpool:Starting new HTTPS connection (1): cdn.huggingface.co
DEBUG:requests.packages.urllib3.connectionpool:https://cdn.huggingface.co:443 "GET /t5-base-pytorch_model.bin HTTP/1.1" 200 891691430
INFO:transformers.file_utils:storing https://cdn.huggingface.co/t5-base-pytorch_model.bin in cache at /home/gretatu/.cache/torch/transformers/f6f2fde9fa7611f4eff74620de9cbe734e7a717b5b143bd283cae4c2d6022990.54f906ff53bd09195cfc183a29cadc81b7705f07fcdb796d24163cb632b6bdfa
INFO:transformers.file_utils:creating metadata file for /home/gretatu/.cache/torch/transformers/f6f2fde9fa7611f4eff74620de9cbe734e7a717b5b143bd283cae4c2d6022990.54f906ff53bd09195cfc183a29cadc81b7705f07fcdb796d24163cb632b6bdfa
DEBUG:filelock:Attempting to release lock 47256207498264 on /home/gretatu/.cache/torch/transformers/f6f2fde9fa7611f4eff74620de9cbe734e7a717b5b143bd283cae4c2d6022990.54f906ff53bd09195cfc183a29cadc81b7705f07fcdb796d24163cb632b6bdfa.lock
INFO:filelock:Lock 47256207498264 released on /home/gretatu/.cache/torch/transformers/f6f2fde9fa7611f4eff74620de9cbe734e7a717b5b143bd283cae4c2d6022990.54f906ff53bd09195cfc183a29cadc81b7705f07fcdb796d24163cb632b6bdfa.lock
INFO:transformers.modeling_utils:loading weights file https://cdn.huggingface.co/t5-base-pytorch_model.bin from cache at /home/gretatu/.cache/torch/transformers/f6f2fde9fa7611f4eff74620de9cbe734e7a717b5b143bd283cae4c2d6022990.54f906ff53bd09195cfc183a29cadc81b7705f07fcdb796d24163cb632b6bdfa
INFO:transformers.modeling_utils:Weights of T5Model not initialized from pretrained model: ['encoder.embed_tokens.weight', 'decoder.embed_tokens.weight']
DEBUG:result_caching._XarrayStorage:Running function: neural_nlp.models.wrapper.core.ActivationsExtractorHelper._from_sentences_stored/identifier=t5-base,stimuli_identifier=Pereira2018-243sentences1
INFO:neural_nlp.models.wrapper.core.ActivationsExtractorHelper:Running sentences
ERROR:transformers.tokenization_utils:Using cls_token, but it is not set yet.
