discarding /cm/shared/openmind/miniconda/3.18.9-py3/bin from PATH
prepending /home/gretatu/.conda/envs/brainmodeling/bin to PATH
/home/gretatu/.conda/envs/brainmodeling/lib/python3.6/site-packages/brainio_base/assemblies.py:213: FutureWarning: The inplace argument has been deprecated and will be removed in a future version of xarray.
  xr_data.set_index(append=True, inplace=True, **coords_d)
Traceback (most recent call last):
  File "/home/gretatu/.conda/envs/brainmodeling/lib/python3.6/runpy.py", line 193, in _run_module_as_main
    "__main__", mod_spec)
  File "/home/gretatu/.conda/envs/brainmodeling/lib/python3.6/runpy.py", line 85, in _run_code
    exec(code, run_globals)
  File "neural_nlp/__main__.py", line 32, in <module>
    fire.Fire(command=FIRE_FLAGS)
  File "/home/gretatu/.conda/envs/brainmodeling/lib/python3.6/site-packages/fire/core.py", line 138, in Fire
    component_trace = _Fire(component, args, parsed_flag_args, context, name)
  File "/home/gretatu/.conda/envs/brainmodeling/lib/python3.6/site-packages/fire/core.py", line 471, in _Fire
    target=component.__name__)
  File "/home/gretatu/.conda/envs/brainmodeling/lib/python3.6/site-packages/fire/core.py", line 675, in _CallAndUpdateTrace
    component = fn(*varargs, **kwargs)
  File "neural_nlp/__main__.py", line 22, in run
    score = score_function(model=model, layers=layers, subsample=subsample, benchmark=benchmark)
  File "/home/gretatu/.conda/envs/brainmodeling/lib/python3.6/site-packages/result_caching/__init__.py", line 62, in wrapper
    result = function(*args, **kwargs)
  File "/om/user/gretatu/neural-nlp/neural_nlp/__init__.py", line 22, in score
    benchmark_impl = benchmark_pool[benchmark]
KeyError: 'Pereira2018-encoding-'
